<?xml version="1.0" encoding="UTF-8"?>
<testsuite name="TaskTest" tests="3" skipped="0" failures="0" errors="0" timestamp="2021-08-11T06:57:21" hostname="Abdulfatahs-MacBook-Pro.local" time="0.043">
  <properties/>
  <testcase name="task_CorrectlyInstantiates_true" classname="TaskTest" time="0.006"/>
  <testcase name="task_SavedInDBCorrectly_true" classname="TaskTest" time="0.016"/>
  <testcase name="task_SavedAnotherInDBCorrectly_true" classname="TaskTest" time="0.02"/>
  <system-out><![CDATA[]]></system-out>
  <system-err><![CDATA[]]></system-err>
</testsuite>
