<?xml version="1.0" encoding="UTF-8"?>
<testsuite name="PlannerTest" tests="1" skipped="0" failures="0" errors="0" timestamp="2021-08-10T14:10:57" hostname="Abdulfatahs-MacBook-Pro.local" time="0.129">
  <properties/>
  <testcase name="planner_updatePlannerData_name" classname="PlannerTest" time="0.129"/>
  <system-out><![CDATA[]]></system-out>
  <system-err><![CDATA[log4j:WARN No appenders could be found for logger (org.sql2o.Query).
log4j:WARN Please initialize the log4j system properly.
log4j:WARN See http://logging.apache.org/log4j/1.2/faq.html#noconfig for more info.
]]></system-err>
</testsuite>
