<?xml version="1.0" encoding="UTF-8"?>
<testsuite name="PlannerTest" tests="3" skipped="0" failures="0" errors="0" timestamp="2021-08-10T10:18:29" hostname="Abdulfatahs-MacBook-Pro.local" time="0.421">
  <properties/>
  <testcase name="planner_savesAnotherPlannerToDB_true" classname="PlannerTest" time="0.386"/>
  <testcase name="planner_savesNewPlannerToDB_true" classname="PlannerTest" time="0.027"/>
  <testcase name="planner_InstantiatesCorrectly_true" classname="PlannerTest" time="0.007"/>
  <system-out><![CDATA[]]></system-out>
  <system-err><![CDATA[log4j:WARN No appenders could be found for logger (org.sql2o.Query).
log4j:WARN Please initialize the log4j system properly.
log4j:WARN See http://logging.apache.org/log4j/1.2/faq.html#noconfig for more info.
]]></system-err>
</testsuite>
